<?xml version="1.0" encoding="UTF-8"?>
<!-- Generated by org.testng.reporters.JUnitXMLReporter -->
<testsuite ignored="0" hostname="LAPTOP-B17B4A37" failures="1" tests="3" name="EdgeTest" time="71.416" errors="0" timestamp="2022-06-07T11:58:08 IST">
  <testcase classname="testClasses.VerifyHeadersTESTnGAmazon" name="test3_LangCheck" time="0.002">
    <failure type="java.lang.NullPointerException" message="Cannot invoke &amp;quot;pomClassesFB.HomePageHeaders.checkLanguage(org.openqa.selenium.WebDriver)&amp;quot; because &amp;quot;this.homepageHeader&amp;quot; is null">
      <![CDATA[java.lang.NullPointerException: Cannot invoke "pomClassesFB.HomePageHeaders.checkLanguage(org.openqa.selenium.WebDriver)" because "this.homepageHeader" is null
at testClasses.VerifyHeadersTESTnGAmazon.test3_LangCheck(VerifyHeadersTESTnGAmazon.java:110)
at java.base/java.util.ArrayList.forEach(ArrayList.java:1511)
at java.base/java.util.concurrent.FutureTask.run(FutureTask.java:264)
at java.base/java.util.concurrent.ThreadPoolExecutor.runWorker(ThreadPoolExecutor.java:1136)
at java.base/java.util.concurrent.ThreadPoolExecutor$Worker.run(ThreadPoolExecutor.java:635)
at java.base/java.lang.Thread.run(Thread.java:833)
... Removed 18 stack frames]]>
    </failure>
  </testcase> <!-- test3_LangCheck -->
  <testcase classname="testClasses.VerifyHeadersTESTnGAmazon" name="testcase1_Pay" time="4.164"/>
  <testcase classname="testClasses.VerifyHeadersTESTnGAmazon" name="testcase2_Gift" time="4.88"/>
</testsuite> <!-- EdgeTest -->
