<?xml version="1.0" encoding="UTF-8"?>
<!-- Generated by org.testng.reporters.JUnitXMLReporter -->
<testsuite ignored="0" hostname="LAPTOP-B17B4A37" failures="0" tests="3" name="Test1" time="97.605" errors="0" timestamp="2022-05-30T15:52:02 IST">
  <testcase classname="testClasses.VerifyHeadersTESTnGAmazon" name="test3_LangCheck" time="6.856"/>
  <testcase classname="testClasses.VerifyHeadersTESTnGAmazon" name="testcase1_Pay" time="6.471"/>
  <testcase classname="testClasses.VerifyHeadersTESTnGAmazon" name="testcase2_Gift" time="6.033"/>
</testsuite> <!-- Test1 -->
