<?xml version="1.0" encoding="UTF-8"?>
<testng-results ignored="0" total="6" passed="4" failed="2" skipped="0">
  <reporter-output>
  </reporter-output>
  <suite started-at="2022-06-07T11:56:56 IST" name="SuiteAmazon" finished-at="2022-06-07T11:58:09 IST" duration-ms="73125">
    <groups>
    </groups>
    <test started-at="2022-06-07T11:56:56 IST" name="EdgeTest" finished-at="2022-06-07T11:58:07 IST" duration-ms="71416">
      <class name="testClasses.VerifyHeadersTESTnGAmazon">
        <test-method is-config="true" signature="browserLaunch(java.lang.String)[pri:0, instance:testClasses.VerifyHeadersTESTnGAmazon@43195e57]" started-at="2022-06-07T11:56:56 IST" name="browserLaunch" finished-at="2022-06-07T11:57:02 IST" duration-ms="5584" status="PASS">
          <params>
            <param index="0">
              <value>
                <![CDATA[Edge]]>
              </value>
            </param>
          </params>
          <reporter-output>
          </reporter-output>
        </test-method> <!-- browserLaunch -->
        <test-method is-config="true" signature="objectsOfPoM()[pri:0, instance:testClasses.VerifyHeadersTESTnGAmazon@43195e57]" started-at="2022-06-07T11:57:02 IST" name="objectsOfPoM" finished-at="2022-06-07T11:57:02 IST" duration-ms="3" status="PASS">
          <reporter-output>
          </reporter-output>
        </test-method> <!-- objectsOfPoM -->
        <test-method is-config="true" signature="apploginmethod()[pri:0, instance:testClasses.VerifyHeadersTESTnGAmazon@43195e57]" started-at="2022-06-07T11:57:02 IST" name="apploginmethod" finished-at="2022-06-07T11:57:13 IST" duration-ms="11034" status="PASS">
          <reporter-output>
          </reporter-output>
        </test-method> <!-- apploginmethod -->
        <test-method signature="test3_LangCheck()[pri:0, instance:testClasses.VerifyHeadersTESTnGAmazon@43195e57]" started-at="2022-06-07T11:57:13 IST" name="test3_LangCheck" finished-at="2022-06-07T11:57:13 IST" duration-ms="2" status="FAIL">
          <exception class="java.lang.NullPointerException">
            <message>
              <![CDATA[Cannot invoke "pomClassesFB.HomePageHeaders.checkLanguage(org.openqa.selenium.WebDriver)" because "this.homepageHeader" is null]]>
            </message>
            <full-stacktrace>
              <![CDATA[java.lang.NullPointerException: Cannot invoke "pomClassesFB.HomePageHeaders.checkLanguage(org.openqa.selenium.WebDriver)" because "this.homepageHeader" is null
at testClasses.VerifyHeadersTESTnGAmazon.test3_LangCheck(VerifyHeadersTESTnGAmazon.java:110)
at java.base/jdk.internal.reflect.NativeMethodAccessorImpl.invoke0(Native Method)
at java.base/jdk.internal.reflect.NativeMethodAccessorImpl.invoke(NativeMethodAccessorImpl.java:77)
at java.base/jdk.internal.reflect.DelegatingMethodAccessorImpl.invoke(DelegatingMethodAccessorImpl.java:43)
at java.base/java.lang.reflect.Method.invoke(Method.java:568)
at org.testng.internal.MethodInvocationHelper.invokeMethod(MethodInvocationHelper.java:133)
at org.testng.internal.TestInvoker.invokeMethod(TestInvoker.java:598)
at org.testng.internal.TestInvoker.invokeTestMethod(TestInvoker.java:173)
at org.testng.internal.MethodRunner.runInSequence(MethodRunner.java:46)
at org.testng.internal.TestInvoker$MethodInvocationAgent.invoke(TestInvoker.java:824)
at org.testng.internal.TestInvoker.invokeTestMethods(TestInvoker.java:146)
at org.testng.internal.TestMethodWorker.invokeTestMethods(TestMethodWorker.java:146)
at org.testng.internal.TestMethodWorker.run(TestMethodWorker.java:128)
at java.base/java.util.ArrayList.forEach(ArrayList.java:1511)
at org.testng.TestRunner.privateRun(TestRunner.java:794)
at org.testng.TestRunner.run(TestRunner.java:596)
at org.testng.SuiteRunner.runTest(SuiteRunner.java:377)
at org.testng.SuiteRunner.access$000(SuiteRunner.java:28)
at org.testng.SuiteRunner$SuiteWorker.run(SuiteRunner.java:418)
at org.testng.internal.thread.ThreadUtil.lambda$execute$0(ThreadUtil.java:64)
at java.base/java.util.concurrent.FutureTask.run(FutureTask.java:264)
at java.base/java.util.concurrent.ThreadPoolExecutor.runWorker(ThreadPoolExecutor.java:1136)
at java.base/java.util.concurrent.ThreadPoolExecutor$Worker.run(ThreadPoolExecutor.java:635)
at java.base/java.lang.Thread.run(Thread.java:833)
]]>
            </full-stacktrace>
          </exception> <!-- java.lang.NullPointerException -->
          <reporter-output>
          </reporter-output>
        </test-method> <!-- test3_LangCheck -->
        <test-method is-config="true" signature="loGOut()[pri:0, instance:testClasses.VerifyHeadersTESTnGAmazon@43195e57]" started-at="2022-06-07T11:57:13 IST" name="loGOut" finished-at="2022-06-07T11:57:21 IST" duration-ms="7918" status="PASS">
          <reporter-output>
          </reporter-output>
        </test-method> <!-- loGOut -->
        <test-method is-config="true" signature="apploginmethod()[pri:0, instance:testClasses.VerifyHeadersTESTnGAmazon@43195e57]" started-at="2022-06-07T11:57:21 IST" name="apploginmethod" finished-at="2022-06-07T11:57:31 IST" duration-ms="10830" status="PASS">
          <reporter-output>
          </reporter-output>
        </test-method> <!-- apploginmethod -->
        <test-method signature="testcase1_Pay()[pri:0, instance:testClasses.VerifyHeadersTESTnGAmazon@43195e57]" started-at="2022-06-07T11:57:31 IST" name="testcase1_Pay" finished-at="2022-06-07T11:57:36 IST" duration-ms="4164" status="PASS">
          <reporter-output>
          </reporter-output>
        </test-method> <!-- testcase1_Pay -->
        <test-method is-config="true" signature="loGOut()[pri:0, instance:testClasses.VerifyHeadersTESTnGAmazon@43195e57]" started-at="2022-06-07T11:57:36 IST" name="loGOut" finished-at="2022-06-07T11:57:44 IST" duration-ms="7879" status="PASS">
          <reporter-output>
          </reporter-output>
        </test-method> <!-- loGOut -->
        <test-method is-config="true" signature="apploginmethod()[pri:0, instance:testClasses.VerifyHeadersTESTnGAmazon@43195e57]" started-at="2022-06-07T11:57:44 IST" name="apploginmethod" finished-at="2022-06-07T11:57:54 IST" duration-ms="10967" status="PASS">
          <reporter-output>
          </reporter-output>
        </test-method> <!-- apploginmethod -->
        <test-method signature="testcase2_Gift()[pri:0, instance:testClasses.VerifyHeadersTESTnGAmazon@43195e57]" started-at="2022-06-07T11:57:54 IST" name="testcase2_Gift" finished-at="2022-06-07T11:57:59 IST" duration-ms="4880" status="PASS">
          <reporter-output>
          </reporter-output>
        </test-method> <!-- testcase2_Gift -->
        <test-method is-config="true" signature="loGOut()[pri:0, instance:testClasses.VerifyHeadersTESTnGAmazon@43195e57]" started-at="2022-06-07T11:57:59 IST" name="loGOut" finished-at="2022-06-07T11:58:07 IST" duration-ms="7809" status="PASS">
          <reporter-output>
          </reporter-output>
        </test-method> <!-- loGOut -->
        <test-method is-config="true" signature="clearObjects()[pri:0, instance:testClasses.VerifyHeadersTESTnGAmazon@43195e57]" started-at="2022-06-07T11:58:07 IST" name="clearObjects" finished-at="2022-06-07T11:58:07 IST" duration-ms="0" status="PASS">
          <reporter-output>
          </reporter-output>
        </test-method> <!-- clearObjects -->
        <test-method is-config="true" signature="browerClose()[pri:0, instance:testClasses.VerifyHeadersTESTnGAmazon@43195e57]" started-at="2022-06-07T11:58:07 IST" name="browerClose" finished-at="2022-06-07T11:58:07 IST" duration-ms="326" status="PASS">
          <reporter-output>
          </reporter-output>
        </test-method> <!-- browerClose -->
      </class> <!-- testClasses.VerifyHeadersTESTnGAmazon -->
    </test> <!-- EdgeTest -->
    <test started-at="2022-06-07T11:56:56 IST" name="ChromeTest" finished-at="2022-06-07T11:58:09 IST" duration-ms="73125">
      <class name="testClasses.VerifyHeadersTESTnGAmazon">
        <test-method is-config="true" signature="browserLaunch(java.lang.String)[pri:0, instance:testClasses.VerifyHeadersTESTnGAmazon@9225652]" started-at="2022-06-07T11:56:56 IST" name="browserLaunch" finished-at="2022-06-07T11:57:00 IST" duration-ms="3828" status="PASS">
          <params>
            <param index="0">
              <value>
                <![CDATA[Chrome]]>
              </value>
            </param>
          </params>
          <reporter-output>
          </reporter-output>
        </test-method> <!-- browserLaunch -->
        <test-method is-config="true" signature="objectsOfPoM()[pri:0, instance:testClasses.VerifyHeadersTESTnGAmazon@9225652]" started-at="2022-06-07T11:57:00 IST" name="objectsOfPoM" finished-at="2022-06-07T11:57:00 IST" duration-ms="79" status="PASS">
          <reporter-output>
          </reporter-output>
        </test-method> <!-- objectsOfPoM -->
        <test-method is-config="true" signature="apploginmethod()[pri:0, instance:testClasses.VerifyHeadersTESTnGAmazon@9225652]" started-at="2022-06-07T11:57:00 IST" name="apploginmethod" finished-at="2022-06-07T11:57:12 IST" duration-ms="11609" status="PASS">
          <reporter-output>
          </reporter-output>
        </test-method> <!-- apploginmethod -->
        <test-method signature="test3_LangCheck()[pri:0, instance:testClasses.VerifyHeadersTESTnGAmazon@9225652]" started-at="2022-06-07T11:57:12 IST" name="test3_LangCheck" finished-at="2022-06-07T11:57:12 IST" duration-ms="10" status="FAIL">
          <exception class="java.lang.NullPointerException">
            <message>
              <![CDATA[Cannot invoke "pomClassesFB.HomePageHeaders.checkLanguage(org.openqa.selenium.WebDriver)" because "this.homepageHeader" is null]]>
            </message>
            <full-stacktrace>
              <![CDATA[java.lang.NullPointerException: Cannot invoke "pomClassesFB.HomePageHeaders.checkLanguage(org.openqa.selenium.WebDriver)" because "this.homepageHeader" is null
at testClasses.VerifyHeadersTESTnGAmazon.test3_LangCheck(VerifyHeadersTESTnGAmazon.java:110)
at java.base/jdk.internal.reflect.NativeMethodAccessorImpl.invoke0(Native Method)
at java.base/jdk.internal.reflect.NativeMethodAccessorImpl.invoke(NativeMethodAccessorImpl.java:77)
at java.base/jdk.internal.reflect.DelegatingMethodAccessorImpl.invoke(DelegatingMethodAccessorImpl.java:43)
at java.base/java.lang.reflect.Method.invoke(Method.java:568)
at org.testng.internal.MethodInvocationHelper.invokeMethod(MethodInvocationHelper.java:133)
at org.testng.internal.TestInvoker.invokeMethod(TestInvoker.java:598)
at org.testng.internal.TestInvoker.invokeTestMethod(TestInvoker.java:173)
at org.testng.internal.MethodRunner.runInSequence(MethodRunner.java:46)
at org.testng.internal.TestInvoker$MethodInvocationAgent.invoke(TestInvoker.java:824)
at org.testng.internal.TestInvoker.invokeTestMethods(TestInvoker.java:146)
at org.testng.internal.TestMethodWorker.invokeTestMethods(TestMethodWorker.java:146)
at org.testng.internal.TestMethodWorker.run(TestMethodWorker.java:128)
at java.base/java.util.ArrayList.forEach(ArrayList.java:1511)
at org.testng.TestRunner.privateRun(TestRunner.java:794)
at org.testng.TestRunner.run(TestRunner.java:596)
at org.testng.SuiteRunner.runTest(SuiteRunner.java:377)
at org.testng.SuiteRunner.access$000(SuiteRunner.java:28)
at org.testng.SuiteRunner$SuiteWorker.run(SuiteRunner.java:418)
at org.testng.internal.thread.ThreadUtil.lambda$execute$0(ThreadUtil.java:64)
at java.base/java.util.concurrent.FutureTask.run(FutureTask.java:264)
at java.base/java.util.concurrent.ThreadPoolExecutor.runWorker(ThreadPoolExecutor.java:1136)
at java.base/java.util.concurrent.ThreadPoolExecutor$Worker.run(ThreadPoolExecutor.java:635)
at java.base/java.lang.Thread.run(Thread.java:833)
]]>
            </full-stacktrace>
          </exception> <!-- java.lang.NullPointerException -->
          <reporter-output>
          </reporter-output>
        </test-method> <!-- test3_LangCheck -->
        <test-method is-config="true" signature="loGOut()[pri:0, instance:testClasses.VerifyHeadersTESTnGAmazon@9225652]" started-at="2022-06-07T11:57:12 IST" name="loGOut" finished-at="2022-06-07T11:57:23 IST" duration-ms="10956" status="PASS">
          <reporter-output>
          </reporter-output>
        </test-method> <!-- loGOut -->
        <test-method is-config="true" signature="apploginmethod()[pri:0, instance:testClasses.VerifyHeadersTESTnGAmazon@9225652]" started-at="2022-06-07T11:57:23 IST" name="apploginmethod" finished-at="2022-06-07T11:57:34 IST" duration-ms="11387" status="PASS">
          <reporter-output>
          </reporter-output>
        </test-method> <!-- apploginmethod -->
        <test-method signature="testcase1_Pay()[pri:0, instance:testClasses.VerifyHeadersTESTnGAmazon@9225652]" started-at="2022-06-07T11:57:34 IST" name="testcase1_Pay" finished-at="2022-06-07T11:57:38 IST" duration-ms="4429" status="PASS">
          <reporter-output>
          </reporter-output>
        </test-method> <!-- testcase1_Pay -->
        <test-method is-config="true" signature="loGOut()[pri:0, instance:testClasses.VerifyHeadersTESTnGAmazon@9225652]" started-at="2022-06-07T11:57:38 IST" name="loGOut" finished-at="2022-06-07T11:57:46 IST" duration-ms="7666" status="PASS">
          <reporter-output>
          </reporter-output>
        </test-method> <!-- loGOut -->
        <test-method is-config="true" signature="apploginmethod()[pri:0, instance:testClasses.VerifyHeadersTESTnGAmazon@9225652]" started-at="2022-06-07T11:57:46 IST" name="apploginmethod" finished-at="2022-06-07T11:57:57 IST" duration-ms="10784" status="PASS">
          <reporter-output>
          </reporter-output>
        </test-method> <!-- apploginmethod -->
        <test-method signature="testcase2_Gift()[pri:0, instance:testClasses.VerifyHeadersTESTnGAmazon@9225652]" started-at="2022-06-07T11:57:57 IST" name="testcase2_Gift" finished-at="2022-06-07T11:58:01 IST" duration-ms="4224" status="PASS">
          <reporter-output>
          </reporter-output>
        </test-method> <!-- testcase2_Gift -->
        <test-method is-config="true" signature="loGOut()[pri:0, instance:testClasses.VerifyHeadersTESTnGAmazon@9225652]" started-at="2022-06-07T11:58:01 IST" name="loGOut" finished-at="2022-06-07T11:58:09 IST" duration-ms="7687" status="PASS">
          <reporter-output>
          </reporter-output>
        </test-method> <!-- loGOut -->
        <test-method is-config="true" signature="clearObjects()[pri:0, instance:testClasses.VerifyHeadersTESTnGAmazon@9225652]" started-at="2022-06-07T11:58:09 IST" name="clearObjects" finished-at="2022-06-07T11:58:09 IST" duration-ms="2" status="PASS">
          <reporter-output>
          </reporter-output>
        </test-method> <!-- clearObjects -->
        <test-method is-config="true" signature="browerClose()[pri:0, instance:testClasses.VerifyHeadersTESTnGAmazon@9225652]" started-at="2022-06-07T11:58:09 IST" name="browerClose" finished-at="2022-06-07T11:58:09 IST" duration-ms="361" status="PASS">
          <reporter-output>
          </reporter-output>
        </test-method> <!-- browerClose -->
      </class> <!-- testClasses.VerifyHeadersTESTnGAmazon -->
    </test> <!-- ChromeTest -->
  </suite> <!-- SuiteAmazon -->
</testng-results>
